c:\users\morses\documents\repositories\essentialmath-sols\cs481\objectloader\objectloader\x64\debug\vc142.pdb
c:\users\morses\documents\repositories\essentialmath-sols\cs481\objectloader\objectloader\x64\debug\vc142.idb
c:\users\morses\documents\repositories\essentialmath-sols\cs481\objectloader\objectloader\x64\debug\tiny_obj_loader.obj
c:\users\morses\documents\repositories\essentialmath-sols\cs481\objectloader\objectloader\x64\debug\tinyobj.obj
c:\users\morses\documents\repositories\essentialmath-sols\cs481\objectloader\objectloader\x64\debug\player.obj
c:\users\morses\documents\repositories\essentialmath-sols\cs481\objectloader\objectloader\x64\debug\modelfromobj.obj
c:\users\morses\documents\repositories\essentialmath-sols\cs481\objectloader\objectloader\x64\debug\ivmainogl.obj
c:\users\morses\documents\repositories\essentialmath-sols\cs481\objectloader\objectloader\x64\debug\ivgame.obj
c:\users\morses\documents\repositories\essentialmath-sols\cs481\objectloader\objectloader\x64\debug\iveventhandler.obj
c:\users\morses\documents\repositories\essentialmath-sols\cs481\objectloader\objectloader\x64\debug\ivclock.obj
c:\users\morses\documents\repositories\essentialmath-sols\cs481\objectloader\objectloader\x64\debug\game.obj
c:\users\morses\documents\repositories\essentialmath-sols\cs481\objectloader\x64\objectloader.exe
c:\users\morses\documents\repositories\essentialmath-sols\cs481\objectloader\x64\objectloader.ilk
c:\users\morses\documents\repositories\essentialmath-sols\cs481\objectloader\x64\objectloader.pdb
c:\users\morses\documents\repositories\essentialmath-sols\cs481\objectloader\objectloader\x64\debug\objectloader.tlog\cl.command.1.tlog
c:\users\morses\documents\repositories\essentialmath-sols\cs481\objectloader\objectloader\x64\debug\objectloader.tlog\cl.read.1.tlog
c:\users\morses\documents\repositories\essentialmath-sols\cs481\objectloader\objectloader\x64\debug\objectloader.tlog\cl.write.1.tlog
c:\users\morses\documents\repositories\essentialmath-sols\cs481\objectloader\objectloader\x64\debug\objectloader.tlog\link.command.1.tlog
c:\users\morses\documents\repositories\essentialmath-sols\cs481\objectloader\objectloader\x64\debug\objectloader.tlog\link.read.1.tlog
c:\users\morses\documents\repositories\essentialmath-sols\cs481\objectloader\objectloader\x64\debug\objectloader.tlog\link.write.1.tlog
